  Game.cpp
C:\Users\DE11D392\Downloads\cosmos_turn\Game.cpp(404,41): warning C4244: '引数': 'float' から 'int' への変換です。データが失われる可能性があります。
C:\Users\DE11D392\Downloads\cosmos_turn\Game.cpp(404,24): warning C4244: '引数': 'double' から 'int' への変換です。データが失われる可能性があります。
C:\Users\DE11D392\Downloads\cosmos_turn\Game.cpp(405,41): warning C4244: '引数': 'float' から 'int' への変換です。データが失われる可能性があります。
C:\Users\DE11D392\Downloads\cosmos_turn\Game.cpp(405,24): warning C4244: '引数': 'double' から 'int' への変換です。データが失われる可能性があります。
C:\Users\DE11D392\Downloads\cosmos_turn\Game.cpp(408,31): warning C4244: '引数': 'float' から 'int' への変換です。データが失われる可能性があります。
C:\Users\DE11D392\Downloads\cosmos_turn\Game.cpp(409,29): warning C4244: '引数': 'float' から 'int' への変換です。データが失われる可能性があります。
C:\Users\DE11D392\Downloads\cosmos_turn\Game.cpp(411,15): warning C4244: '引数': 'float' から 'int' への変換です。データが失われる可能性があります。
C:\Users\DE11D392\Downloads\cosmos_turn\Game.cpp(460,14): warning C4305: '=': 'double' から 'float' へ切り詰めます。
C:\Users\DE11D392\Downloads\cosmos_turn\Game.cpp(595,20): warning C4305: '+=': 'double' から 'float' へ切り詰めます。
C:\Users\DE11D392\Downloads\cosmos_turn\Game.cpp(601,20): warning C4305: '-=': 'double' から 'float' へ切り詰めます。
C:\Users\DE11D392\Downloads\cosmos_turn\Game.cpp(691,13): warning C4244: '=': 'double' から 'int' への変換です。データが失われる可能性があります。
C:\Users\DE11D392\Downloads\cosmos_turn\Game.cpp(753,29): warning C4244: '引数': 'float' から 'int' への変換です。データが失われる可能性があります。
C:\Users\DE11D392\Downloads\cosmos_turn\Game.cpp(754,29): warning C4244: '引数': 'float' から 'int' への変換です。データが失われる可能性があります。
C:\Users\DE11D392\Downloads\cosmos_turn\Game.cpp(755,29): warning C4244: '引数': 'float' から 'int' への変換です。データが失われる可能性があります。
C:\Users\DE11D392\Downloads\cosmos_turn\Game.cpp(756,29): warning C4244: '引数': 'float' から 'int' への変換です。データが失われる可能性があります。
C:\Users\DE11D392\Downloads\cosmos_turn\Game.cpp(758,29): warning C4244: '引数': 'float' から 'int' への変換です。データが失われる可能性があります。
C:\Users\DE11D392\Downloads\cosmos_turn\Game.cpp(759,29): warning C4244: '引数': 'float' から 'int' への変換です。データが失われる可能性があります。
C:\Users\DE11D392\Downloads\cosmos_turn\Game.cpp(761,29): warning C4244: '引数': 'float' から 'int' への変換です。データが失われる可能性があります。
C:\Users\DE11D392\Downloads\cosmos_turn\Game.cpp(763,29): warning C4244: '引数': 'float' から 'int' への変換です。データが失われる可能性があります。
C:\Users\DE11D392\Downloads\cosmos_turn\Game.cpp(765,29): warning C4244: '引数': 'float' から 'int' への変換です。データが失われる可能性があります。
C:\Users\DE11D392\Downloads\cosmos_turn\Game.cpp(766,29): warning C4244: '引数': 'float' から 'int' への変換です。データが失われる可能性があります。
C:\Users\DE11D392\Downloads\cosmos_turn\Game.cpp(767,29): warning C4244: '引数': 'float' から 'int' への変換です。データが失われる可能性があります。
C:\Users\DE11D392\Downloads\cosmos_turn\Game.cpp(768,29): warning C4244: '引数': 'float' から 'int' への変換です。データが失われる可能性があります。
C:\Users\DE11D392\Downloads\cosmos_turn\Game.cpp(769,29): warning C4244: '引数': 'float' から 'int' への変換です。データが失われる可能性があります。
C:\Users\DE11D392\Downloads\cosmos_turn\Game.cpp(770,29): warning C4244: '引数': 'float' から 'int' への変換です。データが失われる可能性があります。
C:\Users\DE11D392\Downloads\cosmos_turn\Game.cpp(772,29): warning C4244: '引数': 'float' から 'int' への変換です。データが失われる可能性があります。
C:\Users\DE11D392\Downloads\cosmos_turn\Game.cpp(774,29): warning C4244: '引数': 'float' から 'int' への変換です。データが失われる可能性があります。
C:\Users\DE11D392\Downloads\cosmos_turn\Game.cpp(776,29): warning C4244: '引数': 'float' から 'int' への変換です。データが失われる可能性があります。
C:\Users\DE11D392\Downloads\cosmos_turn\Game.cpp(777,29): warning C4244: '引数': 'float' から 'int' への変換です。データが失われる可能性があります。
C:\Users\DE11D392\Downloads\cosmos_turn\Game.cpp(779,29): warning C4244: '引数': 'float' から 'int' への変換です。データが失われる可能性があります。
C:\Users\DE11D392\Downloads\cosmos_turn\Game.cpp(781,29): warning C4244: '引数': 'float' から 'int' への変換です。データが失われる可能性があります。
C:\Users\DE11D392\Downloads\cosmos_turn\Game.cpp(782,29): warning C4244: '引数': 'float' から 'int' への変換です。データが失われる可能性があります。
C:\Users\DE11D392\Downloads\cosmos_turn\Game.cpp(783,29): warning C4244: '引数': 'float' から 'int' への変換です。データが失われる可能性があります。
C:\Users\DE11D392\Downloads\cosmos_turn\Game.cpp(784,29): warning C4244: '引数': 'float' から 'int' への変換です。データが失われる可能性があります。
C:\Users\DE11D392\Downloads\cosmos_turn\Game.cpp(785,29): warning C4244: '引数': 'float' から 'int' への変換です。データが失われる可能性があります。
C:\Users\DE11D392\Downloads\cosmos_turn\Game.cpp(786,29): warning C4244: '引数': 'float' から 'int' への変換です。データが失われる可能性があります。
C:\Users\DE11D392\Downloads\cosmos_turn\Game.cpp(787,29): warning C4244: '引数': 'float' から 'int' への変換です。データが失われる可能性があります。
C:\Users\DE11D392\Downloads\cosmos_turn\Game.cpp(788,29): warning C4244: '引数': 'float' から 'int' への変換です。データが失われる可能性があります。
C:\Users\DE11D392\Downloads\cosmos_turn\Game.cpp(789,29): warning C4244: '引数': 'float' から 'int' への変換です。データが失われる可能性があります。
C:\Users\DE11D392\Downloads\cosmos_turn\Game.cpp(795,21): warning C4244: '引数': 'float' から 'int' への変換です。データが失われる可能性があります。
C:\Users\DE11D392\Downloads\cosmos_turn\Game.cpp(796,21): warning C4244: '引数': 'float' から 'int' への変換です。データが失われる可能性があります。
C:\Users\DE11D392\Downloads\cosmos_turn\Game.cpp(799,33): warning C4244: '引数': 'float' から 'int' への変換です。データが失われる可能性があります。
C:\Users\DE11D392\Downloads\cosmos_turn\Game.cpp(799,21): warning C4244: '引数': 'float' から 'int' への変換です。データが失われる可能性があります。
C:\Users\DE11D392\Downloads\cosmos_turn\Game.cpp(800,21): warning C4244: '引数': 'float' から 'int' への変換です。データが失われる可能性があります。
C:\Users\DE11D392\Downloads\cosmos_turn\Game.cpp(801,33): warning C4244: '引数': 'float' から 'int' への変換です。データが失われる可能性があります。
C:\Users\DE11D392\Downloads\cosmos_turn\Game.cpp(801,21): warning C4244: '引数': 'float' から 'int' への変換です。データが失われる可能性があります。
C:\Users\DE11D392\Downloads\cosmos_turn\Game.cpp(803,24): warning C4244: '引数': 'float' から 'int' への変換です。データが失われる可能性があります。
C:\Users\DE11D392\Downloads\cosmos_turn\Game.cpp(808,40): warning C4244: '引数': 'float' から 'int' への変換です。データが失われる可能性があります。
C:\Users\DE11D392\Downloads\cosmos_turn\Game.cpp(809,96): warning C4244: '引数': 'float' から 'int' への変換です。データが失われる可能性があります。
C:\Users\DE11D392\Downloads\cosmos_turn\Game.cpp(809,84): warning C4244: '引数': 'float' から 'int' への変換です。データが失われる可能性があります。
C:\Users\DE11D392\Downloads\cosmos_turn\Game.cpp(810,97): warning C4244: '引数': 'float' から 'int' への変換です。データが失われる可能性があります。
C:\Users\DE11D392\Downloads\cosmos_turn\Game.cpp(810,85): warning C4244: '引数': 'float' から 'int' への変換です。データが失われる可能性があります。
C:\Users\DE11D392\Downloads\cosmos_turn\Game.cpp(811,80): warning C4244: '引数': 'float' から 'int' への変換です。データが失われる可能性があります。
C:\Users\DE11D392\Downloads\cosmos_turn\Game.cpp(812,80): warning C4244: '引数': 'float' から 'int' への変換です。データが失われる可能性があります。
C:\Users\DE11D392\Downloads\cosmos_turn\Game.cpp(813,82): warning C4244: '引数': 'float' から 'int' への変換です。データが失われる可能性があります。
C:\Users\DE11D392\Downloads\cosmos_turn\Game.cpp(976,29): warning C4244: '引数': 'float' から 'int' への変換です。データが失われる可能性があります。
C:\Users\DE11D392\Downloads\cosmos_turn\Game.cpp(977,29): warning C4244: '引数': 'float' から 'int' への変換です。データが失われる可能性があります。
C:\Users\DE11D392\Downloads\cosmos_turn\Game.cpp(978,29): warning C4244: '引数': 'float' から 'int' への変換です。データが失われる可能性があります。
C:\Users\DE11D392\Downloads\cosmos_turn\Game.cpp(979,29): warning C4244: '引数': 'float' から 'int' への変換です。データが失われる可能性があります。
C:\Users\DE11D392\Downloads\cosmos_turn\Game.cpp(981,29): warning C4244: '引数': 'float' から 'int' への変換です。データが失われる可能性があります。
C:\Users\DE11D392\Downloads\cosmos_turn\Game.cpp(982,29): warning C4244: '引数': 'float' から 'int' への変換です。データが失われる可能性があります。
C:\Users\DE11D392\Downloads\cosmos_turn\Game.cpp(984,29): warning C4244: '引数': 'float' から 'int' への変換です。データが失われる可能性があります。
C:\Users\DE11D392\Downloads\cosmos_turn\Game.cpp(986,29): warning C4244: '引数': 'float' から 'int' への変換です。データが失われる可能性があります。
C:\Users\DE11D392\Downloads\cosmos_turn\Game.cpp(988,29): warning C4244: '引数': 'float' から 'int' への変換です。データが失われる可能性があります。
C:\Users\DE11D392\Downloads\cosmos_turn\Game.cpp(989,29): warning C4244: '引数': 'float' から 'int' への変換です。データが失われる可能性があります。
C:\Users\DE11D392\Downloads\cosmos_turn\Game.cpp(990,29): warning C4244: '引数': 'float' から 'int' への変換です。データが失われる可能性があります。
C:\Users\DE11D392\Downloads\cosmos_turn\Game.cpp(991,29): warning C4244: '引数': 'float' から 'int' への変換です。データが失われる可能性があります。
C:\Users\DE11D392\Downloads\cosmos_turn\Game.cpp(992,29): warning C4244: '引数': 'float' から 'int' への変換です。データが失われる可能性があります。
C:\Users\DE11D392\Downloads\cosmos_turn\Game.cpp(993,29): warning C4244: '引数': 'float' から 'int' への変換です。データが失われる可能性があります。
C:\Users\DE11D392\Downloads\cosmos_turn\Game.cpp(995,29): warning C4244: '引数': 'float' から 'int' への変換です。データが失われる可能性があります。
C:\Users\DE11D392\Downloads\cosmos_turn\Game.cpp(997,29): warning C4244: '引数': 'float' から 'int' への変換です。データが失われる可能性があります。
C:\Users\DE11D392\Downloads\cosmos_turn\Game.cpp(999,29): warning C4244: '引数': 'float' から 'int' への変換です。データが失われる可能性があります。
C:\Users\DE11D392\Downloads\cosmos_turn\Game.cpp(1000,29): warning C4244: '引数': 'float' から 'int' への変換です。データが失われる可能性があります。
C:\Users\DE11D392\Downloads\cosmos_turn\Game.cpp(1002,29): warning C4244: '引数': 'float' から 'int' への変換です。データが失われる可能性があります。
C:\Users\DE11D392\Downloads\cosmos_turn\Game.cpp(1004,29): warning C4244: '引数': 'float' から 'int' への変換です。データが失われる可能性があります。
C:\Users\DE11D392\Downloads\cosmos_turn\Game.cpp(1005,29): warning C4244: '引数': 'float' から 'int' への変換です。データが失われる可能性があります。
C:\Users\DE11D392\Downloads\cosmos_turn\Game.cpp(1006,29): warning C4244: '引数': 'float' から 'int' への変換です。データが失われる可能性があります。
C:\Users\DE11D392\Downloads\cosmos_turn\Game.cpp(1007,29): warning C4244: '引数': 'float' から 'int' への変換です。データが失われる可能性があります。
C:\Users\DE11D392\Downloads\cosmos_turn\Game.cpp(1008,29): warning C4244: '引数': 'float' から 'int' への変換です。データが失われる可能性があります。
C:\Users\DE11D392\Downloads\cosmos_turn\Game.cpp(1009,29): warning C4244: '引数': 'float' から 'int' への変換です。データが失われる可能性があります。
C:\Users\DE11D392\Downloads\cosmos_turn\Game.cpp(1010,29): warning C4244: '引数': 'float' から 'int' への変換です。データが失われる可能性があります。
C:\Users\DE11D392\Downloads\cosmos_turn\Game.cpp(1011,29): warning C4244: '引数': 'float' から 'int' への変換です。データが失われる可能性があります。
C:\Users\DE11D392\Downloads\cosmos_turn\Game.cpp(1012,29): warning C4244: '引数': 'float' から 'int' への変換です。データが失われる可能性があります。
C:\Users\DE11D392\Downloads\cosmos_turn\Game.cpp(1101,29): warning C4244: '引数': 'float' から 'int' への変換です。データが失われる可能性があります。
C:\Users\DE11D392\Downloads\cosmos_turn\Game.cpp(1102,29): warning C4244: '引数': 'float' から 'int' への変換です。データが失われる可能性があります。
C:\Users\DE11D392\Downloads\cosmos_turn\Game.cpp(1103,29): warning C4244: '引数': 'float' から 'int' への変換です。データが失われる可能性があります。
C:\Users\DE11D392\Downloads\cosmos_turn\Game.cpp(1104,29): warning C4244: '引数': 'float' から 'int' への変換です。データが失われる可能性があります。
C:\Users\DE11D392\Downloads\cosmos_turn\Game.cpp(1106,29): warning C4244: '引数': 'float' から 'int' への変換です。データが失われる可能性があります。
C:\Users\DE11D392\Downloads\cosmos_turn\Game.cpp(1107,29): warning C4244: '引数': 'float' から 'int' への変換です。データが失われる可能性があります。
C:\Users\DE11D392\Downloads\cosmos_turn\Game.cpp(1109,29): warning C4244: '引数': 'float' から 'int' への変換です。データが失われる可能性があります。
C:\Users\DE11D392\Downloads\cosmos_turn\Game.cpp(1111,29): warning C4244: '引数': 'float' から 'int' への変換です。データが失われる可能性があります。
C:\Users\DE11D392\Downloads\cosmos_turn\Game.cpp(1113,29): warning C4244: '引数': 'float' から 'int' への変換です。データが失われる可能性があります。
C:\Users\DE11D392\Downloads\cosmos_turn\Game.cpp(1114,29): warning C4244: '引数': 'float' から 'int' への変換です。データが失われる可能性があります。
C:\Users\DE11D392\Downloads\cosmos_turn\Game.cpp(1115,29): warning C4244: '引数': 'float' から 'int' への変換です。データが失われる可能性があります。
C:\Users\DE11D392\Downloads\cosmos_turn\Game.cpp(1116,29): warning C4244: '引数': 'float' から 'int' への変換です。データが失われる可能性があります。
C:\Users\DE11D392\Downloads\cosmos_turn\Game.cpp(1117,29): warning C4244: '引数': 'float' から 'int' への変換です。データが失われる可能性があります。
C:\Users\DE11D392\Downloads\cosmos_turn\Game.cpp(1118,29): warning C4244: '引数': 'float' から 'int' への変換です。データが失われる可能性があります。
C:\Users\DE11D392\Downloads\cosmos_turn\Game.cpp(1120,29): warning C4244: '引数': 'float' から 'int' への変換です。データが失われる可能性があります。
C:\Users\DE11D392\Downloads\cosmos_turn\Game.cpp(1122,29): warning C4244: '引数': 'float' から 'int' への変換です。データが失われる可能性があります。
C:\Users\DE11D392\Downloads\cosmos_turn\Game.cpp(1124,29): warning C4244: '引数': 'float' から 'int' への変換です。データが失われる可能性があります。
C:\Users\DE11D392\Downloads\cosmos_turn\Game.cpp(1125,29): warning C4244: '引数': 'float' から 'int' への変換です。データが失われる可能性があります。
C:\Users\DE11D392\Downloads\cosmos_turn\Game.cpp(1127,29): warning C4244: '引数': 'float' から 'int' への変換です。データが失われる可能性があります。
C:\Users\DE11D392\Downloads\cosmos_turn\Game.cpp(1129,29): warning C4244: '引数': 'float' から 'int' への変換です。データが失われる可能性があります。
C:\Users\DE11D392\Downloads\cosmos_turn\Game.cpp(1130,29): warning C4244: '引数': 'float' から 'int' への変換です。データが失われる可能性があります。
C:\Users\DE11D392\Downloads\cosmos_turn\Game.cpp(1131,29): warning C4244: '引数': 'float' から 'int' への変換です。データが失われる可能性があります。
C:\Users\DE11D392\Downloads\cosmos_turn\Game.cpp(1132,29): warning C4244: '引数': 'float' から 'int' への変換です。データが失われる可能性があります。
C:\Users\DE11D392\Downloads\cosmos_turn\Game.cpp(1133,29): warning C4244: '引数': 'float' から 'int' への変換です。データが失われる可能性があります。
C:\Users\DE11D392\Downloads\cosmos_turn\Game.cpp(1134,29): warning C4244: '引数': 'float' から 'int' への変換です。データが失われる可能性があります。
C:\Users\DE11D392\Downloads\cosmos_turn\Game.cpp(1135,29): warning C4244: '引数': 'float' から 'int' への変換です。データが失われる可能性があります。
C:\Users\DE11D392\Downloads\cosmos_turn\Game.cpp(1136,29): warning C4244: '引数': 'float' から 'int' への変換です。データが失われる可能性があります。
C:\Users\DE11D392\Downloads\cosmos_turn\Game.cpp(1137,29): warning C4244: '引数': 'float' から 'int' への変換です。データが失われる可能性があります。
C:\Users\DE11D392\Downloads\cosmos_turn\Game.cpp(1542,39): warning C4244: '引数': 'float' から 'int' への変換です。データが失われる可能性があります。
C:\Users\DE11D392\Downloads\cosmos_turn\Game.cpp(1542,23): warning C4244: '引数': 'double' から 'int' への変換です。データが失われる可能性があります。
C:\Users\DE11D392\Downloads\cosmos_turn\Game.cpp(1543,41): warning C4244: '引数': 'float' から 'int' への変換です。データが失われる可能性があります。
C:\Users\DE11D392\Downloads\cosmos_turn\Game.cpp(1543,24): warning C4244: '引数': 'double' から 'int' への変換です。データが失われる可能性があります。
C:\Users\DE11D392\Downloads\cosmos_turn\Game.cpp(2141,18): warning C4305: '=': 'double' から 'float' へ切り詰めます。
C:\Users\DE11D392\Downloads\cosmos_turn\Game.cpp(2147,18): warning C4305: '=': 'double' から 'float' へ切り詰めます。
C:\Users\DE11D392\Downloads\cosmos_turn\Game.cpp(2164,18): warning C4305: '=': 'double' から 'float' へ切り詰めます。
C:\Users\DE11D392\Downloads\cosmos_turn\Game.cpp(2170,18): warning C4305: '=': 'double' から 'float' へ切り詰めます。
C:\Users\DE11D392\Downloads\cosmos_turn\Game.cpp(2217,18): warning C4305: '=': 'double' から 'float' へ切り詰めます。
C:\Users\DE11D392\Downloads\cosmos_turn\Game.cpp(2223,18): warning C4305: '=': 'double' から 'float' へ切り詰めます。
C:\Users\DE11D392\Downloads\cosmos_turn\Game.cpp(2240,18): warning C4305: '=': 'double' から 'float' へ切り詰めます。
C:\Users\DE11D392\Downloads\cosmos_turn\Game.cpp(2246,18): warning C4305: '=': 'double' から 'float' へ切り詰めます。
C:\Users\DE11D392\Downloads\cosmos_turn\Game.cpp(2339,26): warning C4244: '=': 'int' から 'float' への変換です。データが失われる可能性があります。
C:\Users\DE11D392\Downloads\cosmos_turn\Game.cpp(2352,18): warning C4244: '初期化中': 'double' から 'float' への変換です。データが失われる可能性があります。
C:\Users\DE11D392\Downloads\cosmos_turn\Game.cpp(2360,22): warning C4805: '!=': 演算中の 'int' 型と 'bool' 型の混用は安全ではありません
C:\Users\DE11D392\Downloads\cosmos_turn\Game.cpp(2548,74): warning C4805: '!=': 演算中の 'int' 型と 'bool' 型の混用は安全ではありません
C:\Users\DE11D392\Downloads\cosmos_turn\Game.cpp(2860,50): warning C4805: '!=': 演算中の 'int' 型と 'bool' 型の混用は安全ではありません
C:\Users\DE11D392\Downloads\cosmos_turn\Game.cpp(2875,21): warning C4805: '!=': 演算中の 'int' 型と 'bool' 型の混用は安全ではありません
C:\Users\DE11D392\Downloads\cosmos_turn\Game.cpp(2875,44): warning C4805: '!=': 演算中の 'int' 型と 'bool' 型の混用は安全ではありません
C:\Users\DE11D392\Downloads\cosmos_turn\Game.cpp(2960,41): warning C4244: '引数': 'float' から 'int' への変換です。データが失われる可能性があります。
C:\Users\DE11D392\Downloads\cosmos_turn\Game.cpp(2960,24): warning C4244: '引数': 'double' から 'int' への変換です。データが失われる可能性があります。
C:\Users\DE11D392\Downloads\cosmos_turn\Game.cpp(2961,41): warning C4244: '引数': 'float' から 'int' への変換です。データが失われる可能性があります。
C:\Users\DE11D392\Downloads\cosmos_turn\Game.cpp(2961,24): warning C4244: '引数': 'double' から 'int' への変換です。データが失われる可能性があります。
C:\Users\DE11D392\Downloads\cosmos_turn\Game.cpp(3282,20): warning C4305: '+=': 'double' から 'float' へ切り詰めます。
C:\Users\DE11D392\Downloads\cosmos_turn\Game.cpp(3288,20): warning C4305: '-=': 'double' から 'float' へ切り詰めます。
C:\Users\DE11D392\Downloads\cosmos_turn\Game.cpp(3317,26): warning C4244: '引数': 'float' から 'int' への変換です。データが失われる可能性があります。
C:\Users\DE11D392\Downloads\cosmos_turn\Game.cpp(3322,26): warning C4244: '引数': 'float' から 'int' への変換です。データが失われる可能性があります。
C:\Users\DE11D392\Downloads\cosmos_turn\Game.cpp(3349,26): warning C4244: '引数': 'float' から 'int' への変換です。データが失われる可能性があります。
C:\Users\DE11D392\Downloads\cosmos_turn\Game.cpp(3354,26): warning C4244: '引数': 'float' から 'int' への変換です。データが失われる可能性があります。
C:\Users\DE11D392\Downloads\cosmos_turn\Game.cpp(3383,25): warning C4244: '引数': 'float' から 'int' への変換です。データが失われる可能性があります。
  DX_Library.vcxproj -> C:\Users\DE11D392\Downloads\cosmos_turn\x64\Debug\DX_Library.exe
