  Game.cpp
C:\DxLib_VC3_24d\DxLib_VC\プロジェクトに追加すべきファイル_VC用\DxLib.h(3964,1): warning C4819: ファイルは、現在のコード ページ (932) で表示できない文字を含んでいます。データの損失を防ぐために、ファイルを Unicode 形式で保存してください。
C:\Users\yuuku\Downloads\DoubleTrapCreyBattle_07_16_solo&zaisitu\DoubleTrapCreyBattle_07_16_solo&zaisitu\7_11_Crey\DX_TEST_0704\Game.cpp(364,41): warning C4244: '引数': 'float' から 'int' への変換です。データが失われる可能性があります。
C:\Users\yuuku\Downloads\DoubleTrapCreyBattle_07_16_solo&zaisitu\DoubleTrapCreyBattle_07_16_solo&zaisitu\7_11_Crey\DX_TEST_0704\Game.cpp(364,24): warning C4244: '引数': 'double' から 'int' への変換です。データが失われる可能性があります。
C:\Users\yuuku\Downloads\DoubleTrapCreyBattle_07_16_solo&zaisitu\DoubleTrapCreyBattle_07_16_solo&zaisitu\7_11_Crey\DX_TEST_0704\Game.cpp(365,41): warning C4244: '引数': 'float' から 'int' への変換です。データが失われる可能性があります。
C:\Users\yuuku\Downloads\DoubleTrapCreyBattle_07_16_solo&zaisitu\DoubleTrapCreyBattle_07_16_solo&zaisitu\7_11_Crey\DX_TEST_0704\Game.cpp(365,24): warning C4244: '引数': 'double' から 'int' への変換です。データが失われる可能性があります。
C:\Users\yuuku\Downloads\DoubleTrapCreyBattle_07_16_solo&zaisitu\DoubleTrapCreyBattle_07_16_solo&zaisitu\7_11_Crey\DX_TEST_0704\Game.cpp(419,17): warning C4305: '=': 'double' から 'float' へ切り詰めます。
C:\Users\yuuku\Downloads\DoubleTrapCreyBattle_07_16_solo&zaisitu\DoubleTrapCreyBattle_07_16_solo&zaisitu\7_11_Crey\DX_TEST_0704\Game.cpp(551,20): warning C4305: '+=': 'double' から 'float' へ切り詰めます。
C:\Users\yuuku\Downloads\DoubleTrapCreyBattle_07_16_solo&zaisitu\DoubleTrapCreyBattle_07_16_solo&zaisitu\7_11_Crey\DX_TEST_0704\Game.cpp(557,20): warning C4305: '-=': 'double' から 'float' へ切り詰めます。
C:\Users\yuuku\Downloads\DoubleTrapCreyBattle_07_16_solo&zaisitu\DoubleTrapCreyBattle_07_16_solo&zaisitu\7_11_Crey\DX_TEST_0704\Game.cpp(623,13): warning C4244: '=': 'double' から 'int' への変換です。データが失われる可能性があります。
C:\Users\yuuku\Downloads\DoubleTrapCreyBattle_07_16_solo&zaisitu\DoubleTrapCreyBattle_07_16_solo&zaisitu\7_11_Crey\DX_TEST_0704\Game.cpp(679,29): warning C4244: '引数': 'float' から 'int' への変換です。データが失われる可能性があります。
C:\Users\yuuku\Downloads\DoubleTrapCreyBattle_07_16_solo&zaisitu\DoubleTrapCreyBattle_07_16_solo&zaisitu\7_11_Crey\DX_TEST_0704\Game.cpp(680,29): warning C4244: '引数': 'float' から 'int' への変換です。データが失われる可能性があります。
C:\Users\yuuku\Downloads\DoubleTrapCreyBattle_07_16_solo&zaisitu\DoubleTrapCreyBattle_07_16_solo&zaisitu\7_11_Crey\DX_TEST_0704\Game.cpp(681,29): warning C4244: '引数': 'float' から 'int' への変換です。データが失われる可能性があります。
C:\Users\yuuku\Downloads\DoubleTrapCreyBattle_07_16_solo&zaisitu\DoubleTrapCreyBattle_07_16_solo&zaisitu\7_11_Crey\DX_TEST_0704\Game.cpp(682,29): warning C4244: '引数': 'float' から 'int' への変換です。データが失われる可能性があります。
C:\Users\yuuku\Downloads\DoubleTrapCreyBattle_07_16_solo&zaisitu\DoubleTrapCreyBattle_07_16_solo&zaisitu\7_11_Crey\DX_TEST_0704\Game.cpp(684,29): warning C4244: '引数': 'float' から 'int' への変換です。データが失われる可能性があります。
C:\Users\yuuku\Downloads\DoubleTrapCreyBattle_07_16_solo&zaisitu\DoubleTrapCreyBattle_07_16_solo&zaisitu\7_11_Crey\DX_TEST_0704\Game.cpp(685,29): warning C4244: '引数': 'float' から 'int' への変換です。データが失われる可能性があります。
C:\Users\yuuku\Downloads\DoubleTrapCreyBattle_07_16_solo&zaisitu\DoubleTrapCreyBattle_07_16_solo&zaisitu\7_11_Crey\DX_TEST_0704\Game.cpp(687,29): warning C4244: '引数': 'float' から 'int' への変換です。データが失われる可能性があります。
C:\Users\yuuku\Downloads\DoubleTrapCreyBattle_07_16_solo&zaisitu\DoubleTrapCreyBattle_07_16_solo&zaisitu\7_11_Crey\DX_TEST_0704\Game.cpp(689,29): warning C4244: '引数': 'float' から 'int' への変換です。データが失われる可能性があります。
C:\Users\yuuku\Downloads\DoubleTrapCreyBattle_07_16_solo&zaisitu\DoubleTrapCreyBattle_07_16_solo&zaisitu\7_11_Crey\DX_TEST_0704\Game.cpp(691,29): warning C4244: '引数': 'float' から 'int' への変換です。データが失われる可能性があります。
C:\Users\yuuku\Downloads\DoubleTrapCreyBattle_07_16_solo&zaisitu\DoubleTrapCreyBattle_07_16_solo&zaisitu\7_11_Crey\DX_TEST_0704\Game.cpp(692,29): warning C4244: '引数': 'float' から 'int' への変換です。データが失われる可能性があります。
C:\Users\yuuku\Downloads\DoubleTrapCreyBattle_07_16_solo&zaisitu\DoubleTrapCreyBattle_07_16_solo&zaisitu\7_11_Crey\DX_TEST_0704\Game.cpp(693,29): warning C4244: '引数': 'float' から 'int' への変換です。データが失われる可能性があります。
C:\Users\yuuku\Downloads\DoubleTrapCreyBattle_07_16_solo&zaisitu\DoubleTrapCreyBattle_07_16_solo&zaisitu\7_11_Crey\DX_TEST_0704\Game.cpp(694,29): warning C4244: '引数': 'float' から 'int' への変換です。データが失われる可能性があります。
C:\Users\yuuku\Downloads\DoubleTrapCreyBattle_07_16_solo&zaisitu\DoubleTrapCreyBattle_07_16_solo&zaisitu\7_11_Crey\DX_TEST_0704\Game.cpp(695,29): warning C4244: '引数': 'float' から 'int' への変換です。データが失われる可能性があります。
C:\Users\yuuku\Downloads\DoubleTrapCreyBattle_07_16_solo&zaisitu\DoubleTrapCreyBattle_07_16_solo&zaisitu\7_11_Crey\DX_TEST_0704\Game.cpp(696,29): warning C4244: '引数': 'float' から 'int' への変換です。データが失われる可能性があります。
C:\Users\yuuku\Downloads\DoubleTrapCreyBattle_07_16_solo&zaisitu\DoubleTrapCreyBattle_07_16_solo&zaisitu\7_11_Crey\DX_TEST_0704\Game.cpp(698,29): warning C4244: '引数': 'float' から 'int' への変換です。データが失われる可能性があります。
C:\Users\yuuku\Downloads\DoubleTrapCreyBattle_07_16_solo&zaisitu\DoubleTrapCreyBattle_07_16_solo&zaisitu\7_11_Crey\DX_TEST_0704\Game.cpp(700,29): warning C4244: '引数': 'float' から 'int' への変換です。データが失われる可能性があります。
C:\Users\yuuku\Downloads\DoubleTrapCreyBattle_07_16_solo&zaisitu\DoubleTrapCreyBattle_07_16_solo&zaisitu\7_11_Crey\DX_TEST_0704\Game.cpp(702,29): warning C4244: '引数': 'float' から 'int' への変換です。データが失われる可能性があります。
C:\Users\yuuku\Downloads\DoubleTrapCreyBattle_07_16_solo&zaisitu\DoubleTrapCreyBattle_07_16_solo&zaisitu\7_11_Crey\DX_TEST_0704\Game.cpp(703,29): warning C4244: '引数': 'float' から 'int' への変換です。データが失われる可能性があります。
C:\Users\yuuku\Downloads\DoubleTrapCreyBattle_07_16_solo&zaisitu\DoubleTrapCreyBattle_07_16_solo&zaisitu\7_11_Crey\DX_TEST_0704\Game.cpp(705,29): warning C4244: '引数': 'float' から 'int' への変換です。データが失われる可能性があります。
C:\Users\yuuku\Downloads\DoubleTrapCreyBattle_07_16_solo&zaisitu\DoubleTrapCreyBattle_07_16_solo&zaisitu\7_11_Crey\DX_TEST_0704\Game.cpp(707,29): warning C4244: '引数': 'float' から 'int' への変換です。データが失われる可能性があります。
C:\Users\yuuku\Downloads\DoubleTrapCreyBattle_07_16_solo&zaisitu\DoubleTrapCreyBattle_07_16_solo&zaisitu\7_11_Crey\DX_TEST_0704\Game.cpp(708,29): warning C4244: '引数': 'float' から 'int' への変換です。データが失われる可能性があります。
C:\Users\yuuku\Downloads\DoubleTrapCreyBattle_07_16_solo&zaisitu\DoubleTrapCreyBattle_07_16_solo&zaisitu\7_11_Crey\DX_TEST_0704\Game.cpp(709,29): warning C4244: '引数': 'float' から 'int' への変換です。データが失われる可能性があります。
C:\Users\yuuku\Downloads\DoubleTrapCreyBattle_07_16_solo&zaisitu\DoubleTrapCreyBattle_07_16_solo&zaisitu\7_11_Crey\DX_TEST_0704\Game.cpp(710,29): warning C4244: '引数': 'float' から 'int' への変換です。データが失われる可能性があります。
C:\Users\yuuku\Downloads\DoubleTrapCreyBattle_07_16_solo&zaisitu\DoubleTrapCreyBattle_07_16_solo&zaisitu\7_11_Crey\DX_TEST_0704\Game.cpp(711,29): warning C4244: '引数': 'float' から 'int' への変換です。データが失われる可能性があります。
C:\Users\yuuku\Downloads\DoubleTrapCreyBattle_07_16_solo&zaisitu\DoubleTrapCreyBattle_07_16_solo&zaisitu\7_11_Crey\DX_TEST_0704\Game.cpp(712,29): warning C4244: '引数': 'float' から 'int' への変換です。データが失われる可能性があります。
C:\Users\yuuku\Downloads\DoubleTrapCreyBattle_07_16_solo&zaisitu\DoubleTrapCreyBattle_07_16_solo&zaisitu\7_11_Crey\DX_TEST_0704\Game.cpp(713,29): warning C4244: '引数': 'float' から 'int' への変換です。データが失われる可能性があります。
C:\Users\yuuku\Downloads\DoubleTrapCreyBattle_07_16_solo&zaisitu\DoubleTrapCreyBattle_07_16_solo&zaisitu\7_11_Crey\DX_TEST_0704\Game.cpp(714,29): warning C4244: '引数': 'float' から 'int' への変換です。データが失われる可能性があります。
C:\Users\yuuku\Downloads\DoubleTrapCreyBattle_07_16_solo&zaisitu\DoubleTrapCreyBattle_07_16_solo&zaisitu\7_11_Crey\DX_TEST_0704\Game.cpp(715,29): warning C4244: '引数': 'float' から 'int' への変換です。データが失われる可能性があります。
C:\Users\yuuku\Downloads\DoubleTrapCreyBattle_07_16_solo&zaisitu\DoubleTrapCreyBattle_07_16_solo&zaisitu\7_11_Crey\DX_TEST_0704\Game.cpp(721,21): warning C4244: '引数': 'float' から 'int' への変換です。データが失われる可能性があります。
C:\Users\yuuku\Downloads\DoubleTrapCreyBattle_07_16_solo&zaisitu\DoubleTrapCreyBattle_07_16_solo&zaisitu\7_11_Crey\DX_TEST_0704\Game.cpp(722,21): warning C4244: '引数': 'float' から 'int' への変換です。データが失われる可能性があります。
C:\Users\yuuku\Downloads\DoubleTrapCreyBattle_07_16_solo&zaisitu\DoubleTrapCreyBattle_07_16_solo&zaisitu\7_11_Crey\DX_TEST_0704\Game.cpp(725,33): warning C4244: '引数': 'float' から 'int' への変換です。データが失われる可能性があります。
C:\Users\yuuku\Downloads\DoubleTrapCreyBattle_07_16_solo&zaisitu\DoubleTrapCreyBattle_07_16_solo&zaisitu\7_11_Crey\DX_TEST_0704\Game.cpp(725,21): warning C4244: '引数': 'float' から 'int' への変換です。データが失われる可能性があります。
C:\Users\yuuku\Downloads\DoubleTrapCreyBattle_07_16_solo&zaisitu\DoubleTrapCreyBattle_07_16_solo&zaisitu\7_11_Crey\DX_TEST_0704\Game.cpp(726,21): warning C4244: '引数': 'float' から 'int' への変換です。データが失われる可能性があります。
C:\Users\yuuku\Downloads\DoubleTrapCreyBattle_07_16_solo&zaisitu\DoubleTrapCreyBattle_07_16_solo&zaisitu\7_11_Crey\DX_TEST_0704\Game.cpp(727,33): warning C4244: '引数': 'float' から 'int' への変換です。データが失われる可能性があります。
C:\Users\yuuku\Downloads\DoubleTrapCreyBattle_07_16_solo&zaisitu\DoubleTrapCreyBattle_07_16_solo&zaisitu\7_11_Crey\DX_TEST_0704\Game.cpp(727,21): warning C4244: '引数': 'float' から 'int' への変換です。データが失われる可能性があります。
C:\Users\yuuku\Downloads\DoubleTrapCreyBattle_07_16_solo&zaisitu\DoubleTrapCreyBattle_07_16_solo&zaisitu\7_11_Crey\DX_TEST_0704\Game.cpp(729,24): warning C4244: '引数': 'float' から 'int' への変換です。データが失われる可能性があります。
C:\Users\yuuku\Downloads\DoubleTrapCreyBattle_07_16_solo&zaisitu\DoubleTrapCreyBattle_07_16_solo&zaisitu\7_11_Crey\DX_TEST_0704\Game.cpp(734,40): warning C4244: '引数': 'float' から 'int' への変換です。データが失われる可能性があります。
C:\Users\yuuku\Downloads\DoubleTrapCreyBattle_07_16_solo&zaisitu\DoubleTrapCreyBattle_07_16_solo&zaisitu\7_11_Crey\DX_TEST_0704\Game.cpp(735,96): warning C4244: '引数': 'float' から 'int' への変換です。データが失われる可能性があります。
C:\Users\yuuku\Downloads\DoubleTrapCreyBattle_07_16_solo&zaisitu\DoubleTrapCreyBattle_07_16_solo&zaisitu\7_11_Crey\DX_TEST_0704\Game.cpp(735,84): warning C4244: '引数': 'float' から 'int' への変換です。データが失われる可能性があります。
C:\Users\yuuku\Downloads\DoubleTrapCreyBattle_07_16_solo&zaisitu\DoubleTrapCreyBattle_07_16_solo&zaisitu\7_11_Crey\DX_TEST_0704\Game.cpp(736,97): warning C4244: '引数': 'float' から 'int' への変換です。データが失われる可能性があります。
C:\Users\yuuku\Downloads\DoubleTrapCreyBattle_07_16_solo&zaisitu\DoubleTrapCreyBattle_07_16_solo&zaisitu\7_11_Crey\DX_TEST_0704\Game.cpp(736,85): warning C4244: '引数': 'float' から 'int' への変換です。データが失われる可能性があります。
C:\Users\yuuku\Downloads\DoubleTrapCreyBattle_07_16_solo&zaisitu\DoubleTrapCreyBattle_07_16_solo&zaisitu\7_11_Crey\DX_TEST_0704\Game.cpp(737,80): warning C4244: '引数': 'float' から 'int' への変換です。データが失われる可能性があります。
C:\Users\yuuku\Downloads\DoubleTrapCreyBattle_07_16_solo&zaisitu\DoubleTrapCreyBattle_07_16_solo&zaisitu\7_11_Crey\DX_TEST_0704\Game.cpp(738,80): warning C4244: '引数': 'float' から 'int' への変換です。データが失われる可能性があります。
C:\Users\yuuku\Downloads\DoubleTrapCreyBattle_07_16_solo&zaisitu\DoubleTrapCreyBattle_07_16_solo&zaisitu\7_11_Crey\DX_TEST_0704\Game.cpp(739,82): warning C4244: '引数': 'float' から 'int' への変換です。データが失われる可能性があります。
C:\Users\yuuku\Downloads\DoubleTrapCreyBattle_07_16_solo&zaisitu\DoubleTrapCreyBattle_07_16_solo&zaisitu\7_11_Crey\DX_TEST_0704\Game.cpp(1121,39): warning C4244: '引数': 'float' から 'int' への変換です。データが失われる可能性があります。
C:\Users\yuuku\Downloads\DoubleTrapCreyBattle_07_16_solo&zaisitu\DoubleTrapCreyBattle_07_16_solo&zaisitu\7_11_Crey\DX_TEST_0704\Game.cpp(1121,23): warning C4244: '引数': 'double' から 'int' への変換です。データが失われる可能性があります。
C:\Users\yuuku\Downloads\DoubleTrapCreyBattle_07_16_solo&zaisitu\DoubleTrapCreyBattle_07_16_solo&zaisitu\7_11_Crey\DX_TEST_0704\Game.cpp(1122,41): warning C4244: '引数': 'float' から 'int' への変換です。データが失われる可能性があります。
C:\Users\yuuku\Downloads\DoubleTrapCreyBattle_07_16_solo&zaisitu\DoubleTrapCreyBattle_07_16_solo&zaisitu\7_11_Crey\DX_TEST_0704\Game.cpp(1122,24): warning C4244: '引数': 'double' から 'int' への変換です。データが失われる可能性があります。
C:\Users\yuuku\Downloads\DoubleTrapCreyBattle_07_16_solo&zaisitu\DoubleTrapCreyBattle_07_16_solo&zaisitu\7_11_Crey\DX_TEST_0704\Game.cpp(1709,21): warning C4305: '=': 'double' から 'float' へ切り詰めます。
C:\Users\yuuku\Downloads\DoubleTrapCreyBattle_07_16_solo&zaisitu\DoubleTrapCreyBattle_07_16_solo&zaisitu\7_11_Crey\DX_TEST_0704\Game.cpp(1715,21): warning C4305: '=': 'double' から 'float' へ切り詰めます。
C:\Users\yuuku\Downloads\DoubleTrapCreyBattle_07_16_solo&zaisitu\DoubleTrapCreyBattle_07_16_solo&zaisitu\7_11_Crey\DX_TEST_0704\Game.cpp(1732,21): warning C4305: '=': 'double' から 'float' へ切り詰めます。
C:\Users\yuuku\Downloads\DoubleTrapCreyBattle_07_16_solo&zaisitu\DoubleTrapCreyBattle_07_16_solo&zaisitu\7_11_Crey\DX_TEST_0704\Game.cpp(1738,21): warning C4305: '=': 'double' から 'float' へ切り詰めます。
C:\Users\yuuku\Downloads\DoubleTrapCreyBattle_07_16_solo&zaisitu\DoubleTrapCreyBattle_07_16_solo&zaisitu\7_11_Crey\DX_TEST_0704\Game.cpp(1785,21): warning C4305: '=': 'double' から 'float' へ切り詰めます。
C:\Users\yuuku\Downloads\DoubleTrapCreyBattle_07_16_solo&zaisitu\DoubleTrapCreyBattle_07_16_solo&zaisitu\7_11_Crey\DX_TEST_0704\Game.cpp(1791,21): warning C4305: '=': 'double' から 'float' へ切り詰めます。
C:\Users\yuuku\Downloads\DoubleTrapCreyBattle_07_16_solo&zaisitu\DoubleTrapCreyBattle_07_16_solo&zaisitu\7_11_Crey\DX_TEST_0704\Game.cpp(1808,21): warning C4305: '=': 'double' から 'float' へ切り詰めます。
C:\Users\yuuku\Downloads\DoubleTrapCreyBattle_07_16_solo&zaisitu\DoubleTrapCreyBattle_07_16_solo&zaisitu\7_11_Crey\DX_TEST_0704\Game.cpp(1814,21): warning C4305: '=': 'double' から 'float' へ切り詰めます。
C:\Users\yuuku\Downloads\DoubleTrapCreyBattle_07_16_solo&zaisitu\DoubleTrapCreyBattle_07_16_solo&zaisitu\7_11_Crey\DX_TEST_0704\Game.cpp(1907,26): warning C4244: '=': 'int' から 'float' への変換です。データが失われる可能性があります。
C:\Users\yuuku\Downloads\DoubleTrapCreyBattle_07_16_solo&zaisitu\DoubleTrapCreyBattle_07_16_solo&zaisitu\7_11_Crey\DX_TEST_0704\Game.cpp(1920,18): warning C4244: '初期化中': 'double' から 'float' への変換です。データが失われる可能性があります。
C:\Users\yuuku\Downloads\DoubleTrapCreyBattle_07_16_solo&zaisitu\DoubleTrapCreyBattle_07_16_solo&zaisitu\7_11_Crey\DX_TEST_0704\Game.cpp(1928,22): warning C4805: '!=': 演算中の 'int' 型と 'bool' 型の混用は安全ではありません
C:\Users\yuuku\Downloads\DoubleTrapCreyBattle_07_16_solo&zaisitu\DoubleTrapCreyBattle_07_16_solo&zaisitu\7_11_Crey\DX_TEST_0704\Game.cpp(2447,50): warning C4805: '!=': 演算中の 'int' 型と 'bool' 型の混用は安全ではありません
C:\Users\yuuku\Downloads\DoubleTrapCreyBattle_07_16_solo&zaisitu\DoubleTrapCreyBattle_07_16_solo&zaisitu\7_11_Crey\DX_TEST_0704\Game.cpp(2462,21): warning C4805: '!=': 演算中の 'int' 型と 'bool' 型の混用は安全ではありません
C:\Users\yuuku\Downloads\DoubleTrapCreyBattle_07_16_solo&zaisitu\DoubleTrapCreyBattle_07_16_solo&zaisitu\7_11_Crey\DX_TEST_0704\Game.cpp(2462,44): warning C4805: '!=': 演算中の 'int' 型と 'bool' 型の混用は安全ではありません
C:\Users\yuuku\Downloads\DoubleTrapCreyBattle_07_16_solo&zaisitu\DoubleTrapCreyBattle_07_16_solo&zaisitu\7_11_Crey\DX_TEST_0704\Game.cpp(2545,41): warning C4244: '引数': 'float' から 'int' への変換です。データが失われる可能性があります。
C:\Users\yuuku\Downloads\DoubleTrapCreyBattle_07_16_solo&zaisitu\DoubleTrapCreyBattle_07_16_solo&zaisitu\7_11_Crey\DX_TEST_0704\Game.cpp(2545,24): warning C4244: '引数': 'double' から 'int' への変換です。データが失われる可能性があります。
C:\Users\yuuku\Downloads\DoubleTrapCreyBattle_07_16_solo&zaisitu\DoubleTrapCreyBattle_07_16_solo&zaisitu\7_11_Crey\DX_TEST_0704\Game.cpp(2546,41): warning C4244: '引数': 'float' から 'int' への変換です。データが失われる可能性があります。
C:\Users\yuuku\Downloads\DoubleTrapCreyBattle_07_16_solo&zaisitu\DoubleTrapCreyBattle_07_16_solo&zaisitu\7_11_Crey\DX_TEST_0704\Game.cpp(2546,24): warning C4244: '引数': 'double' から 'int' への変換です。データが失われる可能性があります。
C:\Users\yuuku\Downloads\DoubleTrapCreyBattle_07_16_solo&zaisitu\DoubleTrapCreyBattle_07_16_solo&zaisitu\7_11_Crey\DX_TEST_0704\Game.cpp(2693,40): warning C4244: '引数': 'float' から 'int' への変換です。データが失われる可能性があります。
  DX_Library.vcxproj -> C:\Users\yuuku\Downloads\DoubleTrapCreyBattle_07_16_solo&zaisitu\DoubleTrapCreyBattle_07_16_solo&zaisitu\7_11_Crey\DX_TEST_0704\x64\Debug\DX_Library.exe
