  Game.cpp
C:\Users\DE11D392\Downloads\ClayBattle\Game.cpp(404,41): warning C4244: '引数': 'float' から 'int' への変換です。データが失われる可能性があります。
C:\Users\DE11D392\Downloads\ClayBattle\Game.cpp(404,24): warning C4244: '引数': 'double' から 'int' への変換です。データが失われる可能性があります。
C:\Users\DE11D392\Downloads\ClayBattle\Game.cpp(405,41): warning C4244: '引数': 'float' から 'int' への変換です。データが失われる可能性があります。
C:\Users\DE11D392\Downloads\ClayBattle\Game.cpp(405,24): warning C4244: '引数': 'double' から 'int' への変換です。データが失われる可能性があります。
C:\Users\DE11D392\Downloads\ClayBattle\Game.cpp(408,31): warning C4244: '引数': 'float' から 'int' への変換です。データが失われる可能性があります。
C:\Users\DE11D392\Downloads\ClayBattle\Game.cpp(409,29): warning C4244: '引数': 'float' から 'int' への変換です。データが失われる可能性があります。
C:\Users\DE11D392\Downloads\ClayBattle\Game.cpp(411,15): warning C4244: '引数': 'float' から 'int' への変換です。データが失われる可能性があります。
C:\Users\DE11D392\Downloads\ClayBattle\Game.cpp(460,14): warning C4305: '=': 'double' から 'float' へ切り詰めます。
C:\Users\DE11D392\Downloads\ClayBattle\Game.cpp(595,20): warning C4305: '+=': 'double' から 'float' へ切り詰めます。
C:\Users\DE11D392\Downloads\ClayBattle\Game.cpp(601,20): warning C4305: '-=': 'double' から 'float' へ切り詰めます。
C:\Users\DE11D392\Downloads\ClayBattle\Game.cpp(691,13): warning C4244: '=': 'double' から 'int' への変換です。データが失われる可能性があります。
C:\Users\DE11D392\Downloads\ClayBattle\Game.cpp(753,29): warning C4244: '引数': 'float' から 'int' への変換です。データが失われる可能性があります。
C:\Users\DE11D392\Downloads\ClayBattle\Game.cpp(754,29): warning C4244: '引数': 'float' から 'int' への変換です。データが失われる可能性があります。
C:\Users\DE11D392\Downloads\ClayBattle\Game.cpp(755,29): warning C4244: '引数': 'float' から 'int' への変換です。データが失われる可能性があります。
C:\Users\DE11D392\Downloads\ClayBattle\Game.cpp(756,29): warning C4244: '引数': 'float' から 'int' への変換です。データが失われる可能性があります。
C:\Users\DE11D392\Downloads\ClayBattle\Game.cpp(758,29): warning C4244: '引数': 'float' から 'int' への変換です。データが失われる可能性があります。
C:\Users\DE11D392\Downloads\ClayBattle\Game.cpp(759,29): warning C4244: '引数': 'float' から 'int' への変換です。データが失われる可能性があります。
C:\Users\DE11D392\Downloads\ClayBattle\Game.cpp(761,29): warning C4244: '引数': 'float' から 'int' への変換です。データが失われる可能性があります。
C:\Users\DE11D392\Downloads\ClayBattle\Game.cpp(763,29): warning C4244: '引数': 'float' から 'int' への変換です。データが失われる可能性があります。
C:\Users\DE11D392\Downloads\ClayBattle\Game.cpp(765,29): warning C4244: '引数': 'float' から 'int' への変換です。データが失われる可能性があります。
C:\Users\DE11D392\Downloads\ClayBattle\Game.cpp(766,29): warning C4244: '引数': 'float' から 'int' への変換です。データが失われる可能性があります。
C:\Users\DE11D392\Downloads\ClayBattle\Game.cpp(767,29): warning C4244: '引数': 'float' から 'int' への変換です。データが失われる可能性があります。
C:\Users\DE11D392\Downloads\ClayBattle\Game.cpp(768,29): warning C4244: '引数': 'float' から 'int' への変換です。データが失われる可能性があります。
C:\Users\DE11D392\Downloads\ClayBattle\Game.cpp(769,29): warning C4244: '引数': 'float' から 'int' への変換です。データが失われる可能性があります。
C:\Users\DE11D392\Downloads\ClayBattle\Game.cpp(770,29): warning C4244: '引数': 'float' から 'int' への変換です。データが失われる可能性があります。
C:\Users\DE11D392\Downloads\ClayBattle\Game.cpp(772,29): warning C4244: '引数': 'float' から 'int' への変換です。データが失われる可能性があります。
C:\Users\DE11D392\Downloads\ClayBattle\Game.cpp(774,29): warning C4244: '引数': 'float' から 'int' への変換です。データが失われる可能性があります。
C:\Users\DE11D392\Downloads\ClayBattle\Game.cpp(776,29): warning C4244: '引数': 'float' から 'int' への変換です。データが失われる可能性があります。
C:\Users\DE11D392\Downloads\ClayBattle\Game.cpp(777,29): warning C4244: '引数': 'float' から 'int' への変換です。データが失われる可能性があります。
C:\Users\DE11D392\Downloads\ClayBattle\Game.cpp(779,29): warning C4244: '引数': 'float' から 'int' への変換です。データが失われる可能性があります。
C:\Users\DE11D392\Downloads\ClayBattle\Game.cpp(781,29): warning C4244: '引数': 'float' から 'int' への変換です。データが失われる可能性があります。
C:\Users\DE11D392\Downloads\ClayBattle\Game.cpp(782,29): warning C4244: '引数': 'float' から 'int' への変換です。データが失われる可能性があります。
C:\Users\DE11D392\Downloads\ClayBattle\Game.cpp(783,29): warning C4244: '引数': 'float' から 'int' への変換です。データが失われる可能性があります。
C:\Users\DE11D392\Downloads\ClayBattle\Game.cpp(784,29): warning C4244: '引数': 'float' から 'int' への変換です。データが失われる可能性があります。
C:\Users\DE11D392\Downloads\ClayBattle\Game.cpp(785,29): warning C4244: '引数': 'float' から 'int' への変換です。データが失われる可能性があります。
C:\Users\DE11D392\Downloads\ClayBattle\Game.cpp(786,29): warning C4244: '引数': 'float' から 'int' への変換です。データが失われる可能性があります。
C:\Users\DE11D392\Downloads\ClayBattle\Game.cpp(787,29): warning C4244: '引数': 'float' から 'int' への変換です。データが失われる可能性があります。
C:\Users\DE11D392\Downloads\ClayBattle\Game.cpp(788,29): warning C4244: '引数': 'float' から 'int' への変換です。データが失われる可能性があります。
C:\Users\DE11D392\Downloads\ClayBattle\Game.cpp(789,29): warning C4244: '引数': 'float' から 'int' への変換です。データが失われる可能性があります。
C:\Users\DE11D392\Downloads\ClayBattle\Game.cpp(795,21): warning C4244: '引数': 'float' から 'int' への変換です。データが失われる可能性があります。
C:\Users\DE11D392\Downloads\ClayBattle\Game.cpp(796,21): warning C4244: '引数': 'float' から 'int' への変換です。データが失われる可能性があります。
C:\Users\DE11D392\Downloads\ClayBattle\Game.cpp(799,33): warning C4244: '引数': 'float' から 'int' への変換です。データが失われる可能性があります。
C:\Users\DE11D392\Downloads\ClayBattle\Game.cpp(799,21): warning C4244: '引数': 'float' から 'int' への変換です。データが失われる可能性があります。
C:\Users\DE11D392\Downloads\ClayBattle\Game.cpp(800,21): warning C4244: '引数': 'float' から 'int' への変換です。データが失われる可能性があります。
C:\Users\DE11D392\Downloads\ClayBattle\Game.cpp(801,33): warning C4244: '引数': 'float' から 'int' への変換です。データが失われる可能性があります。
C:\Users\DE11D392\Downloads\ClayBattle\Game.cpp(801,21): warning C4244: '引数': 'float' から 'int' への変換です。データが失われる可能性があります。
C:\Users\DE11D392\Downloads\ClayBattle\Game.cpp(803,24): warning C4244: '引数': 'float' から 'int' への変換です。データが失われる可能性があります。
C:\Users\DE11D392\Downloads\ClayBattle\Game.cpp(808,40): warning C4244: '引数': 'float' から 'int' への変換です。データが失われる可能性があります。
C:\Users\DE11D392\Downloads\ClayBattle\Game.cpp(809,96): warning C4244: '引数': 'float' から 'int' への変換です。データが失われる可能性があります。
C:\Users\DE11D392\Downloads\ClayBattle\Game.cpp(809,84): warning C4244: '引数': 'float' から 'int' への変換です。データが失われる可能性があります。
C:\Users\DE11D392\Downloads\ClayBattle\Game.cpp(810,97): warning C4244: '引数': 'float' から 'int' への変換です。データが失われる可能性があります。
C:\Users\DE11D392\Downloads\ClayBattle\Game.cpp(810,85): warning C4244: '引数': 'float' から 'int' への変換です。データが失われる可能性があります。
C:\Users\DE11D392\Downloads\ClayBattle\Game.cpp(811,80): warning C4244: '引数': 'float' から 'int' への変換です。データが失われる可能性があります。
C:\Users\DE11D392\Downloads\ClayBattle\Game.cpp(812,80): warning C4244: '引数': 'float' から 'int' への変換です。データが失われる可能性があります。
C:\Users\DE11D392\Downloads\ClayBattle\Game.cpp(813,82): warning C4244: '引数': 'float' から 'int' への変換です。データが失われる可能性があります。
C:\Users\DE11D392\Downloads\ClayBattle\Game.cpp(976,29): warning C4244: '引数': 'float' から 'int' への変換です。データが失われる可能性があります。
C:\Users\DE11D392\Downloads\ClayBattle\Game.cpp(977,29): warning C4244: '引数': 'float' から 'int' への変換です。データが失われる可能性があります。
C:\Users\DE11D392\Downloads\ClayBattle\Game.cpp(978,29): warning C4244: '引数': 'float' から 'int' への変換です。データが失われる可能性があります。
C:\Users\DE11D392\Downloads\ClayBattle\Game.cpp(979,29): warning C4244: '引数': 'float' から 'int' への変換です。データが失われる可能性があります。
C:\Users\DE11D392\Downloads\ClayBattle\Game.cpp(981,29): warning C4244: '引数': 'float' から 'int' への変換です。データが失われる可能性があります。
C:\Users\DE11D392\Downloads\ClayBattle\Game.cpp(982,29): warning C4244: '引数': 'float' から 'int' への変換です。データが失われる可能性があります。
C:\Users\DE11D392\Downloads\ClayBattle\Game.cpp(984,29): warning C4244: '引数': 'float' から 'int' への変換です。データが失われる可能性があります。
C:\Users\DE11D392\Downloads\ClayBattle\Game.cpp(986,29): warning C4244: '引数': 'float' から 'int' への変換です。データが失われる可能性があります。
C:\Users\DE11D392\Downloads\ClayBattle\Game.cpp(988,29): warning C4244: '引数': 'float' から 'int' への変換です。データが失われる可能性があります。
C:\Users\DE11D392\Downloads\ClayBattle\Game.cpp(989,29): warning C4244: '引数': 'float' から 'int' への変換です。データが失われる可能性があります。
C:\Users\DE11D392\Downloads\ClayBattle\Game.cpp(990,29): warning C4244: '引数': 'float' から 'int' への変換です。データが失われる可能性があります。
C:\Users\DE11D392\Downloads\ClayBattle\Game.cpp(991,29): warning C4244: '引数': 'float' から 'int' への変換です。データが失われる可能性があります。
C:\Users\DE11D392\Downloads\ClayBattle\Game.cpp(992,29): warning C4244: '引数': 'float' から 'int' への変換です。データが失われる可能性があります。
C:\Users\DE11D392\Downloads\ClayBattle\Game.cpp(993,29): warning C4244: '引数': 'float' から 'int' への変換です。データが失われる可能性があります。
C:\Users\DE11D392\Downloads\ClayBattle\Game.cpp(995,29): warning C4244: '引数': 'float' から 'int' への変換です。データが失われる可能性があります。
C:\Users\DE11D392\Downloads\ClayBattle\Game.cpp(997,29): warning C4244: '引数': 'float' から 'int' への変換です。データが失われる可能性があります。
C:\Users\DE11D392\Downloads\ClayBattle\Game.cpp(999,29): warning C4244: '引数': 'float' から 'int' への変換です。データが失われる可能性があります。
C:\Users\DE11D392\Downloads\ClayBattle\Game.cpp(1000,29): warning C4244: '引数': 'float' から 'int' への変換です。データが失われる可能性があります。
C:\Users\DE11D392\Downloads\ClayBattle\Game.cpp(1002,29): warning C4244: '引数': 'float' から 'int' への変換です。データが失われる可能性があります。
C:\Users\DE11D392\Downloads\ClayBattle\Game.cpp(1004,29): warning C4244: '引数': 'float' から 'int' への変換です。データが失われる可能性があります。
C:\Users\DE11D392\Downloads\ClayBattle\Game.cpp(1005,29): warning C4244: '引数': 'float' から 'int' への変換です。データが失われる可能性があります。
C:\Users\DE11D392\Downloads\ClayBattle\Game.cpp(1006,29): warning C4244: '引数': 'float' から 'int' への変換です。データが失われる可能性があります。
C:\Users\DE11D392\Downloads\ClayBattle\Game.cpp(1007,29): warning C4244: '引数': 'float' から 'int' への変換です。データが失われる可能性があります。
C:\Users\DE11D392\Downloads\ClayBattle\Game.cpp(1008,29): warning C4244: '引数': 'float' から 'int' への変換です。データが失われる可能性があります。
C:\Users\DE11D392\Downloads\ClayBattle\Game.cpp(1009,29): warning C4244: '引数': 'float' から 'int' への変換です。データが失われる可能性があります。
C:\Users\DE11D392\Downloads\ClayBattle\Game.cpp(1010,29): warning C4244: '引数': 'float' から 'int' への変換です。データが失われる可能性があります。
C:\Users\DE11D392\Downloads\ClayBattle\Game.cpp(1011,29): warning C4244: '引数': 'float' から 'int' への変換です。データが失われる可能性があります。
C:\Users\DE11D392\Downloads\ClayBattle\Game.cpp(1012,29): warning C4244: '引数': 'float' から 'int' への変換です。データが失われる可能性があります。
C:\Users\DE11D392\Downloads\ClayBattle\Game.cpp(1102,29): warning C4244: '引数': 'float' から 'int' への変換です。データが失われる可能性があります。
C:\Users\DE11D392\Downloads\ClayBattle\Game.cpp(1103,29): warning C4244: '引数': 'float' から 'int' への変換です。データが失われる可能性があります。
C:\Users\DE11D392\Downloads\ClayBattle\Game.cpp(1104,29): warning C4244: '引数': 'float' から 'int' への変換です。データが失われる可能性があります。
C:\Users\DE11D392\Downloads\ClayBattle\Game.cpp(1105,29): warning C4244: '引数': 'float' から 'int' への変換です。データが失われる可能性があります。
C:\Users\DE11D392\Downloads\ClayBattle\Game.cpp(1107,29): warning C4244: '引数': 'float' から 'int' への変換です。データが失われる可能性があります。
C:\Users\DE11D392\Downloads\ClayBattle\Game.cpp(1108,29): warning C4244: '引数': 'float' から 'int' への変換です。データが失われる可能性があります。
C:\Users\DE11D392\Downloads\ClayBattle\Game.cpp(1110,29): warning C4244: '引数': 'float' から 'int' への変換です。データが失われる可能性があります。
C:\Users\DE11D392\Downloads\ClayBattle\Game.cpp(1112,29): warning C4244: '引数': 'float' から 'int' への変換です。データが失われる可能性があります。
C:\Users\DE11D392\Downloads\ClayBattle\Game.cpp(1114,29): warning C4244: '引数': 'float' から 'int' への変換です。データが失われる可能性があります。
C:\Users\DE11D392\Downloads\ClayBattle\Game.cpp(1115,29): warning C4244: '引数': 'float' から 'int' への変換です。データが失われる可能性があります。
C:\Users\DE11D392\Downloads\ClayBattle\Game.cpp(1116,29): warning C4244: '引数': 'float' から 'int' への変換です。データが失われる可能性があります。
C:\Users\DE11D392\Downloads\ClayBattle\Game.cpp(1117,29): warning C4244: '引数': 'float' から 'int' への変換です。データが失われる可能性があります。
C:\Users\DE11D392\Downloads\ClayBattle\Game.cpp(1118,29): warning C4244: '引数': 'float' から 'int' への変換です。データが失われる可能性があります。
C:\Users\DE11D392\Downloads\ClayBattle\Game.cpp(1119,29): warning C4244: '引数': 'float' から 'int' への変換です。データが失われる可能性があります。
C:\Users\DE11D392\Downloads\ClayBattle\Game.cpp(1121,29): warning C4244: '引数': 'float' から 'int' への変換です。データが失われる可能性があります。
C:\Users\DE11D392\Downloads\ClayBattle\Game.cpp(1123,29): warning C4244: '引数': 'float' から 'int' への変換です。データが失われる可能性があります。
C:\Users\DE11D392\Downloads\ClayBattle\Game.cpp(1125,29): warning C4244: '引数': 'float' から 'int' への変換です。データが失われる可能性があります。
C:\Users\DE11D392\Downloads\ClayBattle\Game.cpp(1126,29): warning C4244: '引数': 'float' から 'int' への変換です。データが失われる可能性があります。
C:\Users\DE11D392\Downloads\ClayBattle\Game.cpp(1128,29): warning C4244: '引数': 'float' から 'int' への変換です。データが失われる可能性があります。
C:\Users\DE11D392\Downloads\ClayBattle\Game.cpp(1130,29): warning C4244: '引数': 'float' から 'int' への変換です。データが失われる可能性があります。
C:\Users\DE11D392\Downloads\ClayBattle\Game.cpp(1131,29): warning C4244: '引数': 'float' から 'int' への変換です。データが失われる可能性があります。
C:\Users\DE11D392\Downloads\ClayBattle\Game.cpp(1132,29): warning C4244: '引数': 'float' から 'int' への変換です。データが失われる可能性があります。
C:\Users\DE11D392\Downloads\ClayBattle\Game.cpp(1133,29): warning C4244: '引数': 'float' から 'int' への変換です。データが失われる可能性があります。
C:\Users\DE11D392\Downloads\ClayBattle\Game.cpp(1134,29): warning C4244: '引数': 'float' から 'int' への変換です。データが失われる可能性があります。
C:\Users\DE11D392\Downloads\ClayBattle\Game.cpp(1135,29): warning C4244: '引数': 'float' から 'int' への変換です。データが失われる可能性があります。
C:\Users\DE11D392\Downloads\ClayBattle\Game.cpp(1136,29): warning C4244: '引数': 'float' から 'int' への変換です。データが失われる可能性があります。
C:\Users\DE11D392\Downloads\ClayBattle\Game.cpp(1137,29): warning C4244: '引数': 'float' から 'int' への変換です。データが失われる可能性があります。
C:\Users\DE11D392\Downloads\ClayBattle\Game.cpp(1138,29): warning C4244: '引数': 'float' から 'int' への変換です。データが失われる可能性があります。
C:\Users\DE11D392\Downloads\ClayBattle\Game.cpp(1541,39): warning C4244: '引数': 'float' から 'int' への変換です。データが失われる可能性があります。
C:\Users\DE11D392\Downloads\ClayBattle\Game.cpp(1541,23): warning C4244: '引数': 'double' から 'int' への変換です。データが失われる可能性があります。
C:\Users\DE11D392\Downloads\ClayBattle\Game.cpp(1542,41): warning C4244: '引数': 'float' から 'int' への変換です。データが失われる可能性があります。
C:\Users\DE11D392\Downloads\ClayBattle\Game.cpp(1542,24): warning C4244: '引数': 'double' から 'int' への変換です。データが失われる可能性があります。
C:\Users\DE11D392\Downloads\ClayBattle\Game.cpp(2140,18): warning C4305: '=': 'double' から 'float' へ切り詰めます。
C:\Users\DE11D392\Downloads\ClayBattle\Game.cpp(2146,18): warning C4305: '=': 'double' から 'float' へ切り詰めます。
C:\Users\DE11D392\Downloads\ClayBattle\Game.cpp(2163,18): warning C4305: '=': 'double' から 'float' へ切り詰めます。
C:\Users\DE11D392\Downloads\ClayBattle\Game.cpp(2169,18): warning C4305: '=': 'double' から 'float' へ切り詰めます。
C:\Users\DE11D392\Downloads\ClayBattle\Game.cpp(2216,18): warning C4305: '=': 'double' から 'float' へ切り詰めます。
C:\Users\DE11D392\Downloads\ClayBattle\Game.cpp(2222,18): warning C4305: '=': 'double' から 'float' へ切り詰めます。
C:\Users\DE11D392\Downloads\ClayBattle\Game.cpp(2239,18): warning C4305: '=': 'double' から 'float' へ切り詰めます。
C:\Users\DE11D392\Downloads\ClayBattle\Game.cpp(2245,18): warning C4305: '=': 'double' から 'float' へ切り詰めます。
C:\Users\DE11D392\Downloads\ClayBattle\Game.cpp(2338,26): warning C4244: '=': 'int' から 'float' への変換です。データが失われる可能性があります。
C:\Users\DE11D392\Downloads\ClayBattle\Game.cpp(2351,18): warning C4244: '初期化中': 'double' から 'float' への変換です。データが失われる可能性があります。
C:\Users\DE11D392\Downloads\ClayBattle\Game.cpp(2355,21): warning C4805: '==': 演算中の 'int' 型と 'bool' 型の混用は安全ではありません
C:\Users\DE11D392\Downloads\ClayBattle\Game.cpp(2361,22): warning C4805: '!=': 演算中の 'int' 型と 'bool' 型の混用は安全ではありません
C:\Users\DE11D392\Downloads\ClayBattle\Game.cpp(2549,74): warning C4805: '!=': 演算中の 'int' 型と 'bool' 型の混用は安全ではありません
C:\Users\DE11D392\Downloads\ClayBattle\Game.cpp(2861,50): warning C4805: '!=': 演算中の 'int' 型と 'bool' 型の混用は安全ではありません
C:\Users\DE11D392\Downloads\ClayBattle\Game.cpp(2876,21): warning C4805: '!=': 演算中の 'int' 型と 'bool' 型の混用は安全ではありません
C:\Users\DE11D392\Downloads\ClayBattle\Game.cpp(2876,44): warning C4805: '!=': 演算中の 'int' 型と 'bool' 型の混用は安全ではありません
C:\Users\DE11D392\Downloads\ClayBattle\Game.cpp(2961,41): warning C4244: '引数': 'float' から 'int' への変換です。データが失われる可能性があります。
C:\Users\DE11D392\Downloads\ClayBattle\Game.cpp(2961,24): warning C4244: '引数': 'double' から 'int' への変換です。データが失われる可能性があります。
C:\Users\DE11D392\Downloads\ClayBattle\Game.cpp(2962,41): warning C4244: '引数': 'float' から 'int' への変換です。データが失われる可能性があります。
C:\Users\DE11D392\Downloads\ClayBattle\Game.cpp(2962,24): warning C4244: '引数': 'double' から 'int' への変換です。データが失われる可能性があります。
C:\Users\DE11D392\Downloads\ClayBattle\Game.cpp(3282,20): warning C4305: '+=': 'double' から 'float' へ切り詰めます。
C:\Users\DE11D392\Downloads\ClayBattle\Game.cpp(3288,20): warning C4305: '-=': 'double' から 'float' へ切り詰めます。
C:\Users\DE11D392\Downloads\ClayBattle\Game.cpp(3317,26): warning C4244: '引数': 'float' から 'int' への変換です。データが失われる可能性があります。
C:\Users\DE11D392\Downloads\ClayBattle\Game.cpp(3322,26): warning C4244: '引数': 'float' から 'int' への変換です。データが失われる可能性があります。
C:\Users\DE11D392\Downloads\ClayBattle\Game.cpp(3349,26): warning C4244: '引数': 'float' から 'int' への変換です。データが失われる可能性があります。
C:\Users\DE11D392\Downloads\ClayBattle\Game.cpp(3354,26): warning C4244: '引数': 'float' から 'int' への変換です。データが失われる可能性があります。
C:\Users\DE11D392\Downloads\ClayBattle\Game.cpp(3383,25): warning C4244: '引数': 'float' から 'int' への変換です。データが失われる可能性があります。
  コード生成しています。
  1 of 79 functions ( 1.3%) were compiled, the rest were copied from previous compilation.
    0 functions were new in current compilation
    5 functions had inline decision re-evaluated but remain unchanged
  コード生成が終了しました。
  DX_Library.vcxproj -> C:\Users\DE11D392\Downloads\ClayBattle\x64\Release\DX_Library.exe
